make all --print-data-base --no-builtin-variables --no-builtin-rules --question
# GNU Make 3.81
# Copyright (C) 2006  Free Software Foundation, Inc.
# This is free software; see the source for copying conditions.
# There is NO warranty; not even for MERCHANTABILITY or FITNESS FOR A
# PARTICULAR PURPOSE.

# This program built for i386-apple-darwin11.3.0
 

# Make data base, printed on Mon Jul 11 14:07:05 2022

# Variables

# makefile (from `Makefile', line 7)
UTILS = srcs/utils
# automatic
<D = $(patsubst %/,%,$(dir $<))
# automatic
?F = $(notdir $?)
# environment
ELECTRON_NO_ATTACH_CONSOLE = 1
# environment
VSCODE_LOG_NATIVE = false
# automatic
?D = $(patsubst %/,%,$(dir $?))
# automatic
@D = $(patsubst %/,%,$(dir $@))
# automatic
@F = $(notdir $@)
# makefile
CURDIR := /Users/yubchoi/minishell
# makefile
SHELL = /bin/sh
# environment
VSCODE_NLS_CONFIG = {"locale":"en-us","availableLanguages":{},"_languagePackSupport":true}
# environment
_ = /usr/bin/make
# makefile (from `Makefile', line 1)
MAKEFILE_LIST :=  Makefile
# makefile (from `Makefile', line 25)
DEBUG = -g
# environment
VSCODE_VERBOSE_LOGGING = true
# makefile (from `Makefile', line 5)
YUB = yub
# makefile (from `Makefile', line 35)
READLINE_HAKO_INC = -I/opt/homebrew/opt/readline/include
# makefile (from `Makefile', line 20)
OBJS = $(SRCS:%.c=%.o)
# environment
VSCODE_IPC_HOOK_EXTHOST = /var/folders/zz/zyxvpxvq6csfxvn_n000clyw0034zq/T/vscode-ipc-8e98ca49-dedb-4754-bf06-a1d5e806d9e6.sock
# makefile (from `Makefile', line 4)
HAKO = hako
# environment
VSCODE_CWD = /Users/yubchoi/minishell
# makefile (from `Makefile', line 24)
SAN = -fsanitize=address -g3
# environment
PATH = /Users/yubchoi/.brew/bin:/Applications/Visual Studio Code.app/Contents/Resources/app/bin:/Users/yubchoi/.brew/bin:/Applications/Visual Studio Code.app/Contents/Resources/app/bin:/usr/local/bin:/usr/bin:/bin:/usr/sbin:/sbin:/usr/local/munki
# environment
LSCOLORS = Gxfxcxdxbxegedabagacad
# makefile (from `Makefile', line 29)
READLINE_INC = -I/opt/homebrew/opt/readline/include
# environment
LaunchInstanceID = 7E030303-CCB2-4F67-8066-3965F5F3FF6C
# environment
VSCODE_LOG_STACK = false
# environment
ELECTRON_RUN_AS_NODE = 1
# default
.FEATURES := target-specific order-only second-expansion else-if archives jobserver check-symlink
# environment
SSH_AUTH_SOCK = /private/tmp/com.apple.launchd.9J5u5LSixC/Listeners
# automatic
%F = $(notdir $%)
# makefile (from `Makefile', line 34)
READLINE_HAKO_LIB = -lreadline -L/opt/homebrew/opt/readline/lib
# environment
VSCODE_PIPE_LOGGING = true
# environment
PWD = /Users/yubchoi/minishell
# environment
ORIGINAL_XDG_CURRENT_DESKTOP = undefined
# environment
VSCODE_AMD_ENTRYPOINT = vs/workbench/api/node/extensionHostProcess
# environment
HOME = /Users/yubchoi
# default
MAKEFILEPATH := /Applications/Xcode.app/Contents/Developer/Makefiles
# environment
VSCODE_CLI = 1
# environment
VSCODE_CODE_CACHE_PATH = /Users/yubchoi/Library/Application Support/Code/CachedData/c3511e6c69bb39013c4a4b7b9566ec1ca73fc4d5
# makefile (from `Makefile', line 28)
READLINE_LIB = -lreadline -L/opt/homebrew/opt/readline/lib
# environment
LOGNAME = yubchoi
# environment
APPLICATION_INSIGHTS_NO_DIAGNOSTIC_CHANNEL = 1
# environment
ZSH = /Users/yubchoi/.oh-my-zsh
# environment
VSCODE_HANDLES_UNCAUGHT_ERRORS = true
# automatic
^D = $(patsubst %/,%,$(dir $^))
# environment
XPC_FLAGS = 0x0
# environment
COLORTERM = truecolor
# default
MAKE = $(MAKE_COMMAND)
# environment
LC_TERMINAL = iTerm2
# makefile (from `Makefile', line 9)
SRCS = $(UTILS)/ft_strdup.c $(UTILS)/ft_strlen.c $(UTILS)/ft_substr.c $(UTILS)/ft_system_call.c $(UTILS)/ft_strchr.c $(UTILS)/ft_strncmp.c $(UTILS)/token_free.c $(UTILS)/ft_strjoin.c $(UTILS)/ft_strlcpy.c srcs/token.c
# environment
SHLVL = 3
# makefile (from `Makefile', line 22)
CC = gcc $(DEBUG)
# default
MAKE_VERSION := 3.81
# environment
USER = yubchoi
# makefile
.DEFAULT_GOAL := all
# default
MAKECMDGOALS := all
# environment
TERM_SESSION_ID = w0t0p0:B9B7BABD-C12E-43BF-BA86-A0272C4521EB
# makefile (from `Makefile', line 1)
NAME = minishell
# environment
LESS = -R
# automatic
%D = $(patsubst %/,%,$(dir $%))
# default
MAKE_COMMAND := /Applications/Xcode.app/Contents/Developer/usr/bin/make
# environment
TERM_PROGRAM = iTerm.app
# default
.VARIABLES := 
# environment
TMPDIR = /var/folders/zz/zyxvpxvq6csfxvn_n000clyw0034zq/T/
# automatic
*F = $(notdir $*)
# environment
VSCODE_IPC_HOOK = /Users/yubchoi/Library/Application Support/Code/1.67.2-main.sock
# makefile
MAKEFLAGS = Rrqp
# environment
MFLAGS = -Rrqp
# automatic
*D = $(patsubst %/,%,$(dir $*))
# environment
TERM_PROGRAM_VERSION = 3.3.7
# environment
XPC_SERVICE_NAME = 0
# environment
LC_TERMINAL_VERSION = 3.3.7
# automatic
+D = $(patsubst %/,%,$(dir $+))
# automatic
+F = $(notdir $+)
# environment
ITERM_SESSION_ID = w0t0p0:B9B7BABD-C12E-43BF-BA86-A0272C4521EB
# environment
COLORFGBG = 15;0
# environment
__CF_USER_TEXT_ENCODING = 0x193F7:0x0:0x0
# environment
COMMAND_MODE = unix2003
# default
MAKEFILES := 
# automatic
<F = $(notdir $<)
# environment
ITERM_PROFILE = Default
# environment
PAGER = less
# environment
LC_ALL = C
# environment
SECURITYSESSIONID = 186d6
# automatic
^F = $(notdir $^)
# default
SUFFIXES := 
# default
.INCLUDE_DIRS = /usr/local/include
# environment
 
MAKELEVEL := 0
# environment
LANG = C
# environment
TERM = xterm-256color
# environment
VSCODE_PID = 5992
# variable set hash-table stats:
# Load=92/1024=9%, Rehash=0, Collisions=8/148=5%

# Pattern-specific Variable Values

# No pattern-specific variable values.

# Directories

# . (device 16777225, inode 1836894): 14 files, no impossibilities.
# srcs/utils (device 16777225, inode 1845212): 4 files, no impossibilities so far.

# 18 files, no impossibilities in 2 directories.

# Implicit Rules

%.o: %.c
#  commands to execute (from `Makefile', line 47):
	$(CC) $(CFLAGS) $(READLINE_INC) -c $< -o $@
	

# 1 implicit rules, 0 (0.0%) terminal.

# Files

all: minishell
#  Phony target (prerequisite of .PHONY).
#  Command-line target.
#  Implicit rule search has not been done.
#  File does not exist.
#  File has been updated.
#  Needs to be updated (-q is set).
# variable set hash-table stats:
# Load=0/32=0%, Rehash=0, Collisions=0/6=0%

.PHONY: all clean fclean re
#  Implicit rule search has not been done.
#  Modification time never checked.
#  File has not been updated.

# Not a target:
srcs/utils/ft_strdup.c:
#  Implicit rule search has been done.
#  Last modified 2022-07-11 14:00:03
#  File has been updated.
#  Successfully updated.
# variable set hash-table stats:
# Load=0/32=0%, Rehash=0, Collisions=0/0=0%

# Not a target:
.SUFFIXES:
#  Implicit rule search has not been done.
#  Modification time never checked.
#  File has not been updated.

# Not a target:
Makefile:
#  Implicit rule search has been done.
#  Last modified 2022-07-11 14:00:17
#  File has been updated.
#  Successfully updated.
# variable set hash-table stats:
# Load=0/32=0%, Rehash=0, Collisions=0/0=0%

# Not a target:
srcs/token.o:
#  Implicit rule search has not been done.
#  Modification time never checked.
#  File has not been updated.

hako: srcs/utils/ft_strdup.o srcs/utils/ft_strlen.o srcs/utils/ft_substr.o srcs/utils/ft_system_call.o srcs/utils/ft_strchr.o srcs/utils/ft_strncmp.o srcs/utils/token_free.o srcs/utils/ft_strjoin.o srcs/utils/ft_strlcpy.o srcs/token.o
#  Implicit rule search has not been done.
#  Modification time never checked.
#  File has not been updated.
#  commands to execute (from `Makefile', line 44):
	$(CC) -fsanitize=address -g -o $(NAME) main.c $(OBJS) $(READLINE_HAKO_LIB) $(READLINE_HAKO_INC)
	

# Not a target:
srcs/utils/ft_strlen.o:
#  Implicit rule search has not been done.
#  Modification time never checked.
#  File has not been updated.

# Not a target:
srcs/utils/ft_strjoin.o:
#  Implicit rule search has not been done.
#  Modification time never checked.
#  File has not been updated.

minishell: srcs/utils/ft_strdup.o srcs/utils/ft_strlen.o srcs/utils/ft_substr.o srcs/utils/ft_system_call.o srcs/utils/ft_strchr.o srcs/utils/ft_strncmp.o srcs/utils/token_free.o srcs/utils/ft_strjoin.o srcs/utils/ft_strlcpy.o srcs/token.o
#  Implicit rule search has not been done.
#  Last modified 2022-07-11 14:00:19
#  File has been updated.
#  Needs to be updated (-q is set).
# variable set hash-table stats:
# Load=0/32=0%, Rehash=0, Collisions=0/6=0%
#  commands to execute (from `Makefile', line 41):
	$(CC) -o $(NAME) main.c $(OBJS) $(READLINE_LIB) $(READLINE_INC)
	

# Not a target:
srcs/utils/ft_system_call.o:
#  Implicit rule search has not been done.
#  Modification time never checked.
#  File has not been updated.

fclean: clean
#  Phony target (prerequisite of .PHONY).
#  Implicit rule search has not been done.
#  File does not exist.
#  File has not been updated.
#  commands to execute (from `Makefile', line 55):
	rm -f $(NAME)
	

# Not a target:
srcs/utils/token_free.o:
#  Implicit rule search has not been done.
#  Modification time never checked.
#  File has not been updated.

# Not a target:
.DEFAULT:
#  Implicit rule search has not been done.
#  Modification time never checked.
#  File has not been updated.

re: fclean all
#  Phony target (prerequisite of .PHONY).
#  Implicit rule search has not been done.
#  File does not exist.
#  File has not been updated.

clean:
#  Phony target (prerequisite of .PHONY).
#  Implicit rule search has not been done.
#  File does not exist.
#  File has not been updated.
#  commands to execute (from `Makefile', line 51):
	rm -f $(OBJS)
	

# Not a target:
srcs/utils/ft_substr.o:
#  Implicit rule search has not been done.
#  Modification time never checked.
#  File has not been updated.

# Not a target:
srcs/utils/ft_strlcpy.o:
#  Implicit rule search has not been done.
#  Modification time never checked.
#  File has not been updated.

# Not a target:
srcs/utils/ft_strncmp.o:
#  Implicit rule search has not been done.
#  Modification time never checked.
#  File has not been updated.

srcs/utils/ft_strdup.o: srcs/utils/ft_strdup.c
#  Implicit rule search has been done.
 
#  Implicit/static pattern stem: `srcs/utils/ft_strdup'
#  Last modified 2022-07-07 16:39:09
#  File has been updated.
#  Needs to be updated (-q is set).
# automatic
# @ := srcs/utils/ft_strdup.o
# automatic
# % := 
# automatic
# * := srcs/utils/ft_strdup
# automatic
# + := srcs/utils/ft_strdup.c
# automatic
# | := 
# automatic
# < := srcs/utils/ft_strdup.c
# automatic
# ^ := srcs/utils/ft_strdup.c
# automatic
# ? := srcs/utils/ft_strdup.c
# variable set hash-table stats:
# Load=8/32=25%, Rehash=0, Collisions=1/16=6%
#  commands to execute (from `Makefile', line 47):
	$(CC) $(CFLAGS) $(READLINE_INC) -c $< -o $@
	

# Not a target:
srcs/utils/ft_strchr.o:
#  Implicit rule search has not been done.
#  Modification time never checked.
#  File has not been updated.

# files hash-table stats:
# Load=21/1024=2%, Rehash=0, Collisions=4/68=6%
# VPATH Search Paths

# No `vpath' search paths.

# No general (`VPATH' variable) search path.

# # of strings in strcache: 1
# # of strcache buffers: 1
# strcache size: total = 4096 / max = 4096 / min = 4096 / avg = 4096
# strcache free: total = 4087 / max = 4087 / min = 4087 / avg = 4087

# Finished Make data base on Mon Jul 11 14:07:05 2022

 
